CI.BOM,33.36465,-115.72963,-54.0,822253615.3105168
CI.DRE,32.80532,-115.44679,-13.0,628191724.413223
CI.ERR,33.11675,-115.82267,-56.0,863691502.1716598
CI.IKP,32.65012,-116.10948,906.0,629601462.8827368
CI.RXH,33.18313,-115.62257,-59.0,618990514.0689547
CI.SAL,33.2801,-115.98585,14.0,420712666.7437717
CI.SLB,33.48519000000001,-115.86643,0.0,627368612.8122232
CI.SNR,32.86189,-115.43596,-63.0,624238051.7906023
CI.SWS,32.94508,-115.79988,140.0,645434352.0387554
CI.WES,32.75904,-115.73161,-8.0,778510088.533998
CI.BTC,33.01213,-115.21987,39.0,408676416.94309413
XD.A15,32.739201,-116.044601,225.0,941959000.0
XD.A16,32.749699,-116.012001,135.0,1273150000.0
XD.A18,32.790798,-115.864899,34.0,1273150000.0
XD.A19,32.8162,-115.791496,-2.0,941060000.0
XD.A20,32.820301,-115.745102,-20.0,941959000.0
XD.A21,32.839401,-115.679398,-20.0,752795000.0
XD.A22,32.8605,-115.637604,-24.0,941959000.0
XD.A23,32.877102,-115.585503,-16.0,752795000.0
XD.A25,32.917301,-115.466103,-37.0,937650000.0
XD.A26A,32.952,-115.397697,-26.0,470604000.0
XD.A27,32.9608,-115.319901,-9.0,946633000.0
XD.A29,32.962799,-115.2304,22.0,470604000.0
XD.A30,32.973099,-115.173103,63.0,1273150000.0
XD.A32,32.995399,-115.071899,47.0,1273150000.0
XD.B01,32.7444,-115.300797,2.0,941060000.0
XD.B02,32.979801,-115.480797,-42.0,1273150000.0
XD.C02,33.070999,-115.560501,-57.0,1273150000.0
XD.A24,32.8978,-115.521202,-51.0,752795000.0
ZY.COON,32.75394,-115.95085,78.0,175818000.0
